2017-10-29 23:37:19 INFO  Version:37 - HHH000412: Hibernate Core {5.1.3.Final}
2017-10-29 23:37:19 INFO  Environment:213 - HHH000206: hibernate.properties not found
2017-10-29 23:37:19 INFO  Environment:317 - HHH000021: Bytecode provider name : javassist
2017-10-29 23:37:20 INFO  Version:66 - HCANN000001: Hibernate Commons Annotations {5.0.1.Final}
2017-10-29 23:37:20 WARN  pooling:71 - HHH10001002: Using Hibernate built-in connection pool (not for production use!)
2017-10-29 23:37:20 INFO  pooling:127 - HHH10001005: using driver [com.mysql.jdbc.Driver] at URL [jdbc:mysql://localhost:3306/library]
2017-10-29 23:37:20 INFO  pooling:136 - HHH10001001: Connection properties: {user=root, password=****}
2017-10-29 23:37:20 INFO  pooling:141 - HHH10001003: Autocommit mode: false
2017-10-29 23:37:20 INFO  DriverManagerConnectionProviderImpl:39 - HHH000115: Hibernate connection pool size: 20 (min=1)
2017-10-29 23:37:22 INFO  Dialect:156 - HHH000400: Using dialect: org.hibernate.dialect.MySQL5Dialect
2017-10-29 23:37:23 INFO  Version:27 - HV000001: Hibernate Validator 5.1.3.Final
2017-10-29 23:37:24 INFO  access:47 - HHH10001501: Connection obtained from JdbcConnectionAccess [org.hibernate.engine.jdbc.env.internal.JdbcEnvironmentInitiator$ConnectionProviderJdbcConnectionAccess@6f3c660a] for (non-JTA) DDL execution was not in auto-commit mode; the Connection 'local transaction' will be committed and the Connection will be set into auto-commit mode.
2017-10-29 23:37:27 INFO  MenuController:33 - Book "Harry Potter" J.K. Rowling added
2017-10-29 23:38:48 WARN  pooling:71 - HHH10001002: Using Hibernate built-in connection pool (not for production use!)
2017-10-29 23:38:48 INFO  pooling:127 - HHH10001005: using driver [com.mysql.jdbc.Driver] at URL [jdbc:mysql://localhost:3306/library]
2017-10-29 23:38:48 INFO  pooling:136 - HHH10001001: Connection properties: {user=root, password=****}
2017-10-29 23:38:48 INFO  pooling:141 - HHH10001003: Autocommit mode: false
2017-10-29 23:38:48 INFO  DriverManagerConnectionProviderImpl:39 - HHH000115: Hibernate connection pool size: 20 (min=1)
2017-10-29 23:38:48 INFO  Dialect:156 - HHH000400: Using dialect: org.hibernate.dialect.MySQL5Dialect
2017-10-29 23:38:48 INFO  access:47 - HHH10001501: Connection obtained from JdbcConnectionAccess [org.hibernate.engine.jdbc.env.internal.JdbcEnvironmentInitiator$ConnectionProviderJdbcConnectionAccess@2f6e28bc] for (non-JTA) DDL execution was not in auto-commit mode; the Connection 'local transaction' will be committed and the Connection will be set into auto-commit mode.
2017-10-29 23:38:48 INFO  QueryTranslatorFactoryInitiator:47 - HHH000397: Using ASTQueryTranslatorFactory
2017-10-29 23:38:48 INFO  MenuController:21 - All books get
2017-10-29 23:39:39 INFO  Version:37 - HHH000412: Hibernate Core {5.1.3.Final}
2017-10-29 23:39:39 INFO  Environment:213 - HHH000206: hibernate.properties not found
2017-10-29 23:39:39 INFO  Environment:317 - HHH000021: Bytecode provider name : javassist
2017-10-29 23:39:40 INFO  Version:66 - HCANN000001: Hibernate Commons Annotations {5.0.1.Final}
2017-10-29 23:39:40 WARN  pooling:71 - HHH10001002: Using Hibernate built-in connection pool (not for production use!)
2017-10-29 23:39:40 INFO  pooling:127 - HHH10001005: using driver [com.mysql.jdbc.Driver] at URL [jdbc:mysql://localhost:3306/library]
2017-10-29 23:39:40 INFO  pooling:136 - HHH10001001: Connection properties: {user=root, password=****}
2017-10-29 23:39:40 INFO  pooling:141 - HHH10001003: Autocommit mode: false
2017-10-29 23:39:40 INFO  DriverManagerConnectionProviderImpl:39 - HHH000115: Hibernate connection pool size: 20 (min=1)
2017-10-29 23:39:40 INFO  Dialect:156 - HHH000400: Using dialect: org.hibernate.dialect.MySQL5Dialect
2017-10-29 23:39:41 INFO  Version:27 - HV000001: Hibernate Validator 5.1.3.Final
2017-10-29 23:39:41 INFO  access:47 - HHH10001501: Connection obtained from JdbcConnectionAccess [org.hibernate.engine.jdbc.env.internal.JdbcEnvironmentInitiator$ConnectionProviderJdbcConnectionAccess@6f3c660a] for (non-JTA) DDL execution was not in auto-commit mode; the Connection 'local transaction' will be committed and the Connection will be set into auto-commit mode.
2017-10-29 23:39:41 INFO  QueryTranslatorFactoryInitiator:47 - HHH000397: Using ASTQueryTranslatorFactory
2017-10-29 23:39:41 INFO  MenuController:21 - All books get
2017-10-29 23:40:04 INFO  Version:37 - HHH000412: Hibernate Core {5.1.3.Final}
2017-10-29 23:40:04 INFO  Environment:213 - HHH000206: hibernate.properties not found
2017-10-29 23:40:04 INFO  Environment:317 - HHH000021: Bytecode provider name : javassist
2017-10-29 23:40:04 INFO  Version:66 - HCANN000001: Hibernate Commons Annotations {5.0.1.Final}
2017-10-29 23:40:04 WARN  pooling:71 - HHH10001002: Using Hibernate built-in connection pool (not for production use!)
2017-10-29 23:40:04 INFO  pooling:127 - HHH10001005: using driver [com.mysql.jdbc.Driver] at URL [jdbc:mysql://localhost:3306/library]
2017-10-29 23:40:04 INFO  pooling:136 - HHH10001001: Connection properties: {user=root, password=****}
2017-10-29 23:40:04 INFO  pooling:141 - HHH10001003: Autocommit mode: false
2017-10-29 23:40:04 INFO  DriverManagerConnectionProviderImpl:39 - HHH000115: Hibernate connection pool size: 20 (min=1)
2017-10-29 23:40:05 INFO  Dialect:156 - HHH000400: Using dialect: org.hibernate.dialect.MySQL5Dialect
2017-10-29 23:40:05 INFO  Version:27 - HV000001: Hibernate Validator 5.1.3.Final
2017-10-29 23:40:05 INFO  access:47 - HHH10001501: Connection obtained from JdbcConnectionAccess [org.hibernate.engine.jdbc.env.internal.JdbcEnvironmentInitiator$ConnectionProviderJdbcConnectionAccess@6f3c660a] for (non-JTA) DDL execution was not in auto-commit mode; the Connection 'local transaction' will be committed and the Connection will be set into auto-commit mode.
2017-10-29 23:40:06 INFO  QueryTranslatorFactoryInitiator:47 - HHH000397: Using ASTQueryTranslatorFactory
2017-10-29 23:40:06 INFO  MenuController:21 - All books get
2017-10-29 23:40:35 WARN  pooling:71 - HHH10001002: Using Hibernate built-in connection pool (not for production use!)
2017-10-29 23:40:35 INFO  pooling:127 - HHH10001005: using driver [com.mysql.jdbc.Driver] at URL [jdbc:mysql://localhost:3306/library]
2017-10-29 23:40:35 INFO  pooling:136 - HHH10001001: Connection properties: {user=root, password=****}
2017-10-29 23:40:35 INFO  pooling:141 - HHH10001003: Autocommit mode: false
2017-10-29 23:40:35 INFO  DriverManagerConnectionProviderImpl:39 - HHH000115: Hibernate connection pool size: 20 (min=1)
2017-10-29 23:40:35 INFO  Dialect:156 - HHH000400: Using dialect: org.hibernate.dialect.MySQL5Dialect
2017-10-29 23:40:35 INFO  access:47 - HHH10001501: Connection obtained from JdbcConnectionAccess [org.hibernate.engine.jdbc.env.internal.JdbcEnvironmentInitiator$ConnectionProviderJdbcConnectionAccess@66ce957f] for (non-JTA) DDL execution was not in auto-commit mode; the Connection 'local transaction' will be committed and the Connection will be set into auto-commit mode.
2017-10-29 23:40:36 INFO  MenuController:33 - Book "Kobzar" T.G. Shevchenko added
2017-10-29 23:40:38 WARN  pooling:71 - HHH10001002: Using Hibernate built-in connection pool (not for production use!)
2017-10-29 23:40:38 INFO  pooling:127 - HHH10001005: using driver [com.mysql.jdbc.Driver] at URL [jdbc:mysql://localhost:3306/library]
2017-10-29 23:40:38 INFO  pooling:136 - HHH10001001: Connection properties: {user=root, password=****}
2017-10-29 23:40:38 INFO  pooling:141 - HHH10001003: Autocommit mode: false
2017-10-29 23:40:38 INFO  DriverManagerConnectionProviderImpl:39 - HHH000115: Hibernate connection pool size: 20 (min=1)
2017-10-29 23:40:38 INFO  Dialect:156 - HHH000400: Using dialect: org.hibernate.dialect.MySQL5Dialect
2017-10-29 23:40:38 INFO  access:47 - HHH10001501: Connection obtained from JdbcConnectionAccess [org.hibernate.engine.jdbc.env.internal.JdbcEnvironmentInitiator$ConnectionProviderJdbcConnectionAccess@f74e835] for (non-JTA) DDL execution was not in auto-commit mode; the Connection 'local transaction' will be committed and the Connection will be set into auto-commit mode.
2017-10-29 23:40:38 INFO  QueryTranslatorFactoryInitiator:47 - HHH000397: Using ASTQueryTranslatorFactory
2017-10-29 23:40:38 INFO  MenuController:21 - All books get
